<?xml version="1.0" encoding="UTF-8"?>
<!-- Generated by org.testng.reporters.JUnitReportReporter -->
<testsuite hostname="RKVIYYAPU" failures="0" tests="3" name="selenium.SeleniumFrameworkDesign.SubmitOrderTest" time="51.320" errors="0" timestamp="2024-12-14T23:07:34 IST" skipped="0">
  <testcase classname="selenium.SeleniumFrameworkDesign.SubmitOrderTest" name="submitOrder" time="28.865"/>
  <testcase classname="selenium.SeleniumFrameworkDesign.SubmitOrderTest" name="submitOrder" time="17.588"/>
  <testcase classname="selenium.SeleniumFrameworkDesign.SubmitOrderTest" name="OrderHistoryTest" time="4.867"/>
</testsuite> <!-- selenium.SeleniumFrameworkDesign.SubmitOrderTest -->
