<?xml version="1.0" encoding="UTF-8"?>
<!-- Generated by org.testng.reporters.JUnitReportReporter -->
<testsuite hostname="RKVIYYAPU" failures="0" tests="1" name="selenium.SeleniumFrameworkDesign.StandAloneTest" time="23.030" errors="0" timestamp="2024-11-21T18:04:43 IST" skipped="0">
  <testcase classname="selenium.SeleniumFrameworkDesign.StandAloneTest" name="submitOrder" time="23.030"/>
</testsuite> <!-- selenium.SeleniumFrameworkDesign.StandAloneTest -->
