<?xml version="1.0" encoding="UTF-8"?>
<!-- Generated by org.testng.reporters.JUnitReportReporter -->
<testsuite hostname="RKVIYYAPU" failures="0" tests="1" name="selenium.SeleniumFrameworkDesign.ErrorValidations" time="5.232" errors="0" timestamp="2024-11-21T18:46:31 IST" skipped="0">
  <testcase classname="selenium.SeleniumFrameworkDesign.ErrorValidations" name="submitOrder" time="5.232"/>
</testsuite> <!-- selenium.SeleniumFrameworkDesign.ErrorValidations -->
