<?xml version="1.0" encoding="UTF-8"?>
<!-- Generated by org.testng.reporters.JUnitReportReporter -->
<testsuite hostname="RKVIYYAPU" failures="0" tests="2" name="selenium.SeleniumFrameworkDesign.ErrorValidationsTest" time="27.190" errors="0" timestamp="2024-12-14T23:07:34 IST" skipped="0">
  <testcase classname="selenium.SeleniumFrameworkDesign.ErrorValidationsTest" name="ProductErrorValidation" time="13.088"/>
  <testcase classname="selenium.SeleniumFrameworkDesign.ErrorValidationsTest" name="LoginErrorValidation" time="14.102"/>
</testsuite> <!-- selenium.SeleniumFrameworkDesign.ErrorValidationsTest -->
