<?xml version="1.0" encoding="UTF-8"?>
<!-- Generated by org.testng.reporters.JUnitReportReporter -->
<testsuite hostname="RKVIYYAPU" failures="0" tests="3" name="selenium.SeleniumFrameworkDesign.SubmitOrderTest" time="37.518" errors="0" timestamp="2024-12-16T19:26:11 IST" skipped="0">
  <testcase classname="selenium.SeleniumFrameworkDesign.SubmitOrderTest" name="submitOrder" time="16.140"/>
  <testcase classname="selenium.SeleniumFrameworkDesign.SubmitOrderTest" name="OrderHistoryTest" time="6.031"/>
  <testcase classname="selenium.SeleniumFrameworkDesign.SubmitOrderTest" name="submitOrder" time="15.347"/>
</testsuite> <!-- selenium.SeleniumFrameworkDesign.SubmitOrderTest -->
