<?xml version="1.0" encoding="UTF-8"?>
<!-- Generated by org.testng.reporters.JUnitReportReporter -->
<testsuite hostname="RKVIYYAPU" failures="0" tests="2" name="selenium.SeleniumFrameworkDesign.ErrorValidationsTest" time="20.445" errors="0" timestamp="2024-12-16T19:26:11 IST" skipped="0">
  <testcase classname="selenium.SeleniumFrameworkDesign.ErrorValidationsTest" name="ProductErrorValidation" time="14.717"/>
  <testcase classname="selenium.SeleniumFrameworkDesign.ErrorValidationsTest" name="LoginErrorValidation" time="5.728"/>
</testsuite> <!-- selenium.SeleniumFrameworkDesign.ErrorValidationsTest -->
